<?xml version="1.0" encoding="utf-8"?><testsuites name="pytest tests"><testsuite name="pytest" errors="0" failures="0" skipped="0" tests="18" time="5.504" timestamp="2026-05-23T13:41:42.215448+00:00" hostname="agent-env-b49c1084-b805-4d69-abca-991a6896fcd6"><testcase classname="backend.tests.backend_test.TestAuth" name="test_login_success" time="0.770" /><testcase classname="backend.tests.backend_test.TestAuth" name="test_login_wrong_password" time="0.528" /><testcase classname="backend.tests.backend_test.TestAuth" name="test_login_unknown_user" time="0.081" /><testcase classname="backend.tests.backend_test.TestAuth" name="test_me_with_token" time="0.589" /><testcase classname="backend.tests.backend_test.TestAuth" name="test_me_without_token" time="0.227" /><testcase classname="backend.tests.backend_test.TestAuth" name="test_me_with_bad_token" time="0.200" /><testcase classname="backend.tests.backend_test.TestPublic" name="test_get_store" time="0.070" /><testcase classname="backend.tests.backend_test.TestPublic" name="test_get_subscriptions" time="0.069" /><testcase classname="backend.tests.backend_test.TestPublic" name="test_get_games" time="0.076" /><testcase classname="backend.tests.backend_test.TestPublic" name="test_get_bundles" time="0.079" /><testcase classname="backend.tests.backend_test.TestAdminAuthGuard" name="test_put_store_unauthenticated" time="0.217" /><testcase classname="backend.tests.backend_test.TestAdminAuthGuard" name="test_create_game_unauthenticated" time="0.194" /><testcase classname="backend.tests.backend_test.TestAdminAuthGuard" name="test_delete_bundle_unauthenticated" time="0.240" /><testcase classname="backend.tests.backend_test.TestAdminStore" name="test_update_store_and_verify" time="0.297" /><testcase classname="backend.tests.backend_test.TestAdminGamesCRUD" name="test_full_crud" time="0.536" /><testcase classname="backend.tests.backend_test.TestAdminSubscriptions" name="test_update_subscription_pricing" time="0.310" /><testcase classname="backend.tests.backend_test.TestAdminSubscriptions" name="test_update_nonexistent_subscription" time="0.091" /><testcase classname="backend.tests.backend_test.TestAdminBundlesCRUD" name="test_full_crud" time="0.444" /></testsuite></testsuites>