<?xml version="1.0" encoding="utf-8"?><testsuites name="pytest tests"><testsuite name="pytest" errors="0" failures="0" skipped="0" tests="22" time="9.389" timestamp="2026-05-23T14:08:26.968826+00:00" hostname="agent-env-b49c1084-b805-4d69-abca-991a6896fcd6"><testcase classname="backend.tests.backend_test.TestAuth" name="test_login_success" time="1.129" /><testcase classname="backend.tests.backend_test.TestAuth" name="test_login_wrong_password" time="0.808" /><testcase classname="backend.tests.backend_test.TestAuth" name="test_login_unknown_user" time="0.087" /><testcase classname="backend.tests.backend_test.TestAuth" name="test_me_with_token" time="0.868" /><testcase classname="backend.tests.backend_test.TestAuth" name="test_me_without_token" time="0.352" /><testcase classname="backend.tests.backend_test.TestAuth" name="test_me_with_bad_token" time="0.406" /><testcase classname="backend.tests.backend_test.TestPublic" name="test_get_store" time="0.079" /><testcase classname="backend.tests.backend_test.TestPublic" name="test_get_subscriptions" time="0.085" /><testcase classname="backend.tests.backend_test.TestPublic" name="test_get_games" time="0.112" /><testcase classname="backend.tests.backend_test.TestPublic" name="test_get_bundles" time="0.091" /><testcase classname="backend.tests.backend_test.TestAdminAuthGuard" name="test_put_store_unauthenticated" time="0.348" /><testcase classname="backend.tests.backend_test.TestAdminAuthGuard" name="test_create_game_unauthenticated" time="0.286" /><testcase classname="backend.tests.backend_test.TestAdminAuthGuard" name="test_delete_bundle_unauthenticated" time="0.291" /><testcase classname="backend.tests.backend_test.TestAdminStore" name="test_update_store_and_verify" time="0.315" /><testcase classname="backend.tests.backend_test.TestAdminGamesCRUD" name="test_full_crud" time="0.572" /><testcase classname="backend.tests.backend_test.TestAdminSubscriptions" name="test_update_subscription_pricing" time="0.332" /><testcase classname="backend.tests.backend_test.TestAdminSubscriptions" name="test_update_nonexistent_subscription" time="0.083" /><testcase classname="backend.tests.backend_test.TestAdminBundlesCRUD" name="test_full_crud" time="0.531" /><testcase classname="backend.tests.backend_test.TestSections" name="test_get_sections_default_or_persisted" time="0.084" /><testcase classname="backend.tests.backend_test.TestSections" name="test_update_sections_unauthenticated" time="0.378" /><testcase classname="backend.tests.backend_test.TestSections" name="test_reorder_and_toggle_visibility_persists" time="0.258" /><testcase classname="backend.tests.backend_test.TestSections" name="test_sections_reset_to_default" time="0.077" /></testsuite></testsuites>